<?xml version="1.0" encoding="UTF-8"?>
<!-- Generated by org.testng.reporters.JUnitXMLReporter -->
<testsuite hostname="alok-lt" ignored="0" name="Test" tests="6" failures="0" timestamp="07 Feb 2018 04:19:06 GMT" time="55.615" errors="0">
  <testcase name="LaunchApplicationTest" time="15.77" classname="com.experitest.demo.SeleniumDemo3Test"/>
  <testcase name="LaunchApplicationTest" time="14.559" classname="com.experitest.demo.SeleniumDemo2Test"/>
  <testcase name="LaunchApplicationTest" time="17.964" classname="com.experitest.demo.SeleniumDemo"/>
  <testcase name="Test2" time="14.575" classname="com.experitest.demo.SeleniumDemo3Test"/>
  <testcase name="Test2" time="14.657" classname="com.experitest.demo.SeleniumDemo2Test"/>
  <testcase name="Test2" time="18.968" classname="com.experitest.demo.SeleniumDemo"/>
</testsuite> <!-- Test -->
